#
# There is insufficient memory for the Java Runtime Environment to continue.
# Native memory allocation (mmap) failed to map 7340032 bytes. Error detail: G1 virtual space
# Possible reasons:
#   The system is out of physical RAM or swap space
#   This process is running with CompressedOops enabled, and the Java Heap may be blocking the growth of the native heap
# Possible solutions:
#   Reduce memory load on the system
#   Increase physical memory or swap space
#   Check if swap backing store is full
#   Decrease Java heap size (-Xmx/-Xms)
#   Decrease number of Java threads
#   Decrease Java thread stack sizes (-Xss)
#   Set larger code cache with -XX:ReservedCodeCacheSize=
#   JVM is running with Unscaled Compressed Oops mode in which the Java heap is
#     placed in the first 4GB address space. The Java Heap base address is the
#     maximum limit for the native heap growth. Please use -XX:HeapBaseMinAddress
#     to set the Java Heap base and to place the Java Heap above 4GB virtual address.
# This output file may be truncated or incomplete.
#
#  Out of Memory Error (os_windows.cpp:3828), pid=3224, tid=17432
#
# JRE version: OpenJDK Runtime Environment (21.0.5) (build 21.0.5+-13047016-b750.29)
# Java VM: OpenJDK 64-Bit Server VM (21.0.5+-13047016-b750.29, mixed mode, tiered, compressed oops, compressed class ptrs, g1 gc, windows-amd64)
# No core dump will be written. Minidumps are not enabled by default on client versions of Windows
#

---------------  S U M M A R Y ------------

Command Line: --add-opens=java.base/java.util=ALL-UNNAMED --add-opens=java.base/java.lang=ALL-UNNAMED --add-opens=java.base/java.lang.invoke=ALL-UNNAMED --add-opens=java.prefs/java.util.prefs=ALL-UNNAMED --add-exports=jdk.compiler/com.sun.tools.javac.api=ALL-UNNAMED --add-exports=jdk.compiler/com.sun.tools.javac.util=ALL-UNNAMED --add-opens=java.base/java.nio.charset=ALL-UNNAMED --add-opens=java.base/java.net=ALL-UNNAMED --add-opens=java.base/java.util.concurrent.atomic=ALL-UNNAMED -Xmx2048m -Dfile.encoding=UTF-8 -Duser.country=PH -Duser.language=en -Duser.variant -javaagent:C:\Users\Alex Rada\.gradle\wrapper\dists\gradle-8.10.2-bin\a04bxjujx95o3nb99gddekhwo\gradle-8.10.2\lib\agents\gradle-instrumentation-agent-8.10.2.jar org.gradle.launcher.daemon.bootstrap.GradleDaemon 8.10.2

Host: AMD Ryzen 7 5700U with Radeon Graphics         , 16 cores, 7G,  Windows 11 , 64 bit Build 22621 (10.0.22621.5124)
Time: Fri May 30 12:23:38 2025 Malay Peninsula Standard Time elapsed time: 5.303908 seconds (0d 0h 0m 5s)

---------------  T H R E A D  ---------------

Current thread (0x000001ce1f7ebe00):  VMThread "VM Thread"          [id=17432, stack(0x000000a7cd300000,0x000000a7cd400000) (1024K)]

Stack: [0x000000a7cd300000,0x000000a7cd400000]
Native frames: (J=compiled Java code, j=interpreted, Vv=VM code, C=native code)
V  [jvm.dll+0x6cfb29]
V  [jvm.dll+0x85df93]
V  [jvm.dll+0x8604ee]
V  [jvm.dll+0x860bd3]
V  [jvm.dll+0x27e6b6]
V  [jvm.dll+0x6cc385]
V  [jvm.dll+0x6c078a]
V  [jvm.dll+0x35525b]
V  [jvm.dll+0x35ceb6]
V  [jvm.dll+0x3aedd6]
V  [jvm.dll+0x3af0a8]
V  [jvm.dll+0x32792c]
V  [jvm.dll+0x3279b7]
V  [jvm.dll+0x36d80c]
V  [jvm.dll+0x36bfbe]
V  [jvm.dll+0x327081]
V  [jvm.dll+0x32ab46]
V  [jvm.dll+0x380626]
V  [jvm.dll+0x866958]
V  [jvm.dll+0x867cd4]
V  [jvm.dll+0x868210]
V  [jvm.dll+0x8684a3]
V  [jvm.dll+0x806368]
V  [jvm.dll+0x6ce3fd]
C  [ucrtbase.dll+0x29333]
C  [KERNEL32.DLL+0x1259d]
C  [ntdll.dll+0x5af38]

VM_Operation (0x000000a7ceafa6b0): CollectForMetadataAllocation, mode: safepoint, requested by thread 0x000001ce258af850


---------------  P R O C E S S  ---------------

Threads class SMR info:
_java_thread_list=0x000001ce262d7380, length=46, elements={
0x000001ce074ca090, 0x000001ce1f854130, 0x000001ce1f855550, 0x000001ce1f856c30,
0x000001ce1f857940, 0x000001ce1f858390, 0x000001ce1f863220, 0x000001ce1f864740,
0x000001ce1f865f60, 0x000001ce1f94d030, 0x000001ce1fa18290, 0x000001ce1fa18930,
0x000001ce2402b820, 0x000001ce25ab4480, 0x000001ce251c70b0, 0x000001ce25c72e70,
0x000001ce25dbeab0, 0x000001ce258e6be0, 0x000001ce25da9b60, 0x000001ce258af850,
0x000001ce25da6d10, 0x000001ce258e1b50, 0x000001ce258dfa80, 0x000001ce258e0110,
0x000001ce258e14c0, 0x000001ce258e07a0, 0x000001ce258e2870, 0x000001ce26132200,
0x000001ce26138470, 0x000001ce26133c40, 0x000001ce26132890, 0x000001ce261342d0,
0x000001ce26135680, 0x000001ce26132f20, 0x000001ce26138b00, 0x000001ce26139190,
0x000001ce26139820, 0x000001ce26135d10, 0x000001ce261363a0, 0x000001ce261335b0,
0x000001ce26134960, 0x000001ce261370c0, 0x000001ce26136a30, 0x000001ce26137750,
0x000001ce26137de0, 0x000001ce26134ff0
}

Java Threads: ( => current thread )
  0x000001ce074ca090 JavaThread "main"                              [_thread_blocked, id=15388, stack(0x000000a7ccc00000,0x000000a7ccd00000) (1024K)]
  0x000001ce1f854130 JavaThread "Reference Handler"          daemon [_thread_blocked, id=14032, stack(0x000000a7cd400000,0x000000a7cd500000) (1024K)]
  0x000001ce1f855550 JavaThread "Finalizer"                  daemon [_thread_blocked, id=1776, stack(0x000000a7cd500000,0x000000a7cd600000) (1024K)]
  0x000001ce1f856c30 JavaThread "Signal Dispatcher"          daemon [_thread_blocked, id=13548, stack(0x000000a7cd600000,0x000000a7cd700000) (1024K)]
  0x000001ce1f857940 JavaThread "Attach Listener"            daemon [_thread_blocked, id=14248, stack(0x000000a7cd700000,0x000000a7cd800000) (1024K)]
  0x000001ce1f858390 JavaThread "Service Thread"             daemon [_thread_blocked, id=7044, stack(0x000000a7cd800000,0x000000a7cd900000) (1024K)]
  0x000001ce1f863220 JavaThread "Monitor Deflation Thread"   daemon [_thread_blocked, id=5520, stack(0x000000a7cd900000,0x000000a7cda00000) (1024K)]
  0x000001ce1f864740 JavaThread "C2 CompilerThread0"         daemon [_thread_in_native, id=19816, stack(0x000000a7cda00000,0x000000a7cdb00000) (1024K)]
  0x000001ce1f865f60 JavaThread "C1 CompilerThread0"         daemon [_thread_blocked, id=5444, stack(0x000000a7cdb00000,0x000000a7cdc00000) (1024K)]
  0x000001ce1f94d030 JavaThread "Common-Cleaner"             daemon [_thread_blocked, id=9444, stack(0x000000a7cdc00000,0x000000a7cdd00000) (1024K)]
  0x000001ce1fa18290 JavaThread "C1 CompilerThread1"         daemon [_thread_blocked, id=18112, stack(0x000000a7cdd00000,0x000000a7cde00000) (1024K)]
  0x000001ce1fa18930 JavaThread "C1 CompilerThread2"         daemon [_thread_blocked, id=16412, stack(0x000000a7cde00000,0x000000a7cdf00000) (1024K)]
  0x000001ce2402b820 JavaThread "Notification Thread"        daemon [_thread_blocked, id=9448, stack(0x000000a7cdf00000,0x000000a7ce000000) (1024K)]
  0x000001ce25ab4480 JavaThread "Daemon health stats"               [_thread_blocked, id=1556, stack(0x000000a7ce400000,0x000000a7ce500000) (1024K)]
  0x000001ce251c70b0 JavaThread "Incoming local TCP Connector on port 24743"        [_thread_in_native, id=19788, stack(0x000000a7ce500000,0x000000a7ce600000) (1024K)]
  0x000001ce25c72e70 JavaThread "Daemon periodic checks"            [_thread_blocked, id=17536, stack(0x000000a7ce600000,0x000000a7ce700000) (1024K)]
  0x000001ce25dbeab0 JavaThread "Daemon"                            [_thread_blocked, id=18472, stack(0x000000a7ce700000,0x000000a7ce800000) (1024K)]
  0x000001ce258e6be0 JavaThread "Handler for socket connection from /127.0.0.1:24743 to /127.0.0.1:24744"        [_thread_in_native, id=10756, stack(0x000000a7ce800000,0x000000a7ce900000) (1024K)]
  0x000001ce25da9b60 JavaThread "Cancel handler"                    [_thread_blocked, id=18572, stack(0x000000a7ce900000,0x000000a7cea00000) (1024K)]
  0x000001ce258af850 JavaThread "Daemon worker"                     [_thread_blocked, id=19776, stack(0x000000a7cea00000,0x000000a7ceb00000) (1024K)]
  0x000001ce25da6d10 JavaThread "Asynchronous log dispatcher for DefaultDaemonConnection: socket connection from /127.0.0.1:24743 to /127.0.0.1:24744"        [_thread_blocked, id=17980, stack(0x000000a7ceb00000,0x000000a7cec00000) (1024K)]
  0x000001ce258e1b50 JavaThread "Stdin handler"                     [_thread_blocked, id=6440, stack(0x000000a7cec00000,0x000000a7ced00000) (1024K)]
  0x000001ce258dfa80 JavaThread "Daemon client event forwarder"        [_thread_blocked, id=14668, stack(0x000000a7ced00000,0x000000a7cee00000) (1024K)]
  0x000001ce258e0110 JavaThread "Cache worker for journal cache (C:\Users\Alex Rada\.gradle\caches\journal-1)"        [_thread_blocked, id=7112, stack(0x000000a7cf800000,0x000000a7cf900000) (1024K)]
  0x000001ce258e14c0 JavaThread "File lock request listener"        [_thread_in_native, id=7472, stack(0x000000a7cf900000,0x000000a7cfa00000) (1024K)]
  0x000001ce258e07a0 JavaThread "Cache worker for file hash cache (C:\Users\Alex Rada\.gradle\caches\8.10.2\fileHashes)"        [_thread_blocked, id=6616, stack(0x000000a7cfa00000,0x000000a7cfb00000) (1024K)]
  0x000001ce258e2870 JavaThread "Cache worker for file hash cache (C:\Users\Alex Rada\AndroidStudioProjects\MyApplication\.gradle\8.10.2\fileHashes)"        [_thread_blocked, id=16068, stack(0x000000a7cfb00000,0x000000a7cfc00000) (1024K)]
  0x000001ce26132200 JavaThread "Cache worker for Build Output Cleanup Cache (C:\Users\Alex Rada\AndroidStudioProjects\MyApplication\.gradle\buildOutputCleanup)"        [_thread_blocked, id=700, stack(0x000000a7cfc00000,0x000000a7cfd00000) (1024K)]
  0x000001ce26138470 JavaThread "File watcher server"        daemon [_thread_in_native, id=6820, stack(0x000000a7cfd00000,0x000000a7cfe00000) (1024K)]
  0x000001ce26133c40 JavaThread "File watcher consumer"      daemon [_thread_blocked, id=15880, stack(0x000000a7cfe00000,0x000000a7cff00000) (1024K)]
  0x000001ce26132890 JavaThread "jar transforms"                    [_thread_blocked, id=14784, stack(0x000000a7cff00000,0x000000a7d0000000) (1024K)]
  0x000001ce261342d0 JavaThread "jar transforms Thread 2"           [_thread_blocked, id=13208, stack(0x000000a7d0000000,0x000000a7d0100000) (1024K)]
  0x000001ce26135680 JavaThread "jar transforms Thread 3"           [_thread_blocked, id=20244, stack(0x000000a7d0100000,0x000000a7d0200000) (1024K)]
  0x000001ce26132f20 JavaThread "jar transforms Thread 4"           [_thread_blocked, id=17420, stack(0x000000a7d0200000,0x000000a7d0300000) (1024K)]
  0x000001ce26138b00 JavaThread "jar transforms Thread 5"           [_thread_blocked, id=2016, stack(0x000000a7d0300000,0x000000a7d0400000) (1024K)]
  0x000001ce26139190 JavaThread "jar transforms Thread 6"           [_thread_blocked, id=17708, stack(0x000000a7d0400000,0x000000a7d0500000) (1024K)]
  0x000001ce26139820 JavaThread "jar transforms Thread 7"           [_thread_blocked, id=388, stack(0x000000a7d0500000,0x000000a7d0600000) (1024K)]
  0x000001ce26135d10 JavaThread "jar transforms Thread 8"           [_thread_blocked, id=19232, stack(0x000000a7d0600000,0x000000a7d0700000) (1024K)]
  0x000001ce261363a0 JavaThread "jar transforms Thread 9"           [_thread_blocked, id=17192, stack(0x000000a7d0700000,0x000000a7d0800000) (1024K)]
  0x000001ce261335b0 JavaThread "jar transforms Thread 10"          [_thread_blocked, id=2844, stack(0x000000a7d0800000,0x000000a7d0900000) (1024K)]
  0x000001ce26134960 JavaThread "jar transforms Thread 11"          [_thread_blocked, id=18088, stack(0x000000a7d0900000,0x000000a7d0a00000) (1024K)]
  0x000001ce261370c0 JavaThread "jar transforms Thread 12"          [_thread_blocked, id=9512, stack(0x000000a7d0a00000,0x000000a7d0b00000) (1024K)]
  0x000001ce26136a30 JavaThread "jar transforms Thread 13"          [_thread_blocked, id=14500, stack(0x000000a7d0b00000,0x000000a7d0c00000) (1024K)]
  0x000001ce26137750 JavaThread "jar transforms Thread 14"          [_thread_blocked, id=6896, stack(0x000000a7d0c00000,0x000000a7d0d00000) (1024K)]
  0x000001ce26137de0 JavaThread "jar transforms Thread 15"          [_thread_blocked, id=20684, stack(0x000000a7d0d00000,0x000000a7d0e00000) (1024K)]
  0x000001ce26134ff0 JavaThread "jar transforms Thread 16"          [_thread_blocked, id=7644, stack(0x000000a7d0e00000,0x000000a7d0f00000) (1024K)]
Total: 46

Other Threads:
=>0x000001ce1f7ebe00 VMThread "VM Thread"                           [id=17432, stack(0x000000a7cd300000,0x000000a7cd400000) (1024K)]
  0x000001ce1f0d0ff0 WatcherThread "VM Periodic Task Thread"        [id=4708, stack(0x000000a7cd200000,0x000000a7cd300000) (1024K)]
  0x000001ce075224f0 WorkerThread "GC Thread#0"                     [id=12232, stack(0x000000a7ccd00000,0x000000a7cce00000) (1024K)]
  0x000001ce2437e0e0 WorkerThread "GC Thread#1"                     [id=8624, stack(0x000000a7ce000000,0x000000a7ce100000) (1024K)]
  0x000001ce2432d4c0 WorkerThread "GC Thread#2"                     [id=20212, stack(0x000000a7ce100000,0x000000a7ce200000) (1024K)]
  0x000001ce24e2cb80 WorkerThread "GC Thread#3"                     [id=2420, stack(0x000000a7ce200000,0x000000a7ce300000) (1024K)]
  0x000001ce24ee8ad0 WorkerThread "GC Thread#4"                     [id=10696, stack(0x000000a7ce300000,0x000000a7ce400000) (1024K)]
  0x000001ce25da7370 WorkerThread "GC Thread#5"                     [id=6200, stack(0x000000a7cee00000,0x000000a7cef00000) (1024K)]
  0x000001ce25da7710 WorkerThread "GC Thread#6"                     [id=16264, stack(0x000000a7cef00000,0x000000a7cf000000) (1024K)]
  0x000001ce25c33b20 WorkerThread "GC Thread#7"                     [id=1652, stack(0x000000a7cf000000,0x000000a7cf100000) (1024K)]
  0x000001ce25c33ec0 WorkerThread "GC Thread#8"                     [id=7336, stack(0x000000a7cf100000,0x000000a7cf200000) (1024K)]
  0x000001ce25c37c30 WorkerThread "GC Thread#9"                     [id=7264, stack(0x000000a7cf200000,0x000000a7cf300000) (1024K)]
  0x000001ce25c37fd0 WorkerThread "GC Thread#10"                    [id=14736, stack(0x000000a7cf300000,0x000000a7cf400000) (1024K)]
  0x000001ce25c38710 WorkerThread "GC Thread#11"                    [id=17772, stack(0x000000a7cf400000,0x000000a7cf500000) (1024K)]
  0x000001ce25c374f0 WorkerThread "GC Thread#12"                    [id=6532, stack(0x000000a7cf500000,0x000000a7cf600000) (1024K)]
  0x000001ce075334d0 ConcurrentGCThread "G1 Main Marker"            [id=2056, stack(0x000000a7cce00000,0x000000a7ccf00000) (1024K)]
  0x000001ce07534140 WorkerThread "G1 Conc#0"                       [id=5260, stack(0x000000a7ccf00000,0x000000a7cd000000) (1024K)]
  0x000001ce25c38370 WorkerThread "G1 Conc#1"                       [id=20652, stack(0x000000a7cf600000,0x000000a7cf700000) (1024K)]
  0x000001ce25c38ab0 WorkerThread "G1 Conc#2"                       [id=17436, stack(0x000000a7cf700000,0x000000a7cf800000) (1024K)]
  0x000001ce1efa3080 ConcurrentGCThread "G1 Refine#0"               [id=2200, stack(0x000000a7cd000000,0x000000a7cd100000) (1024K)]
  0x000001ce1efa3b00 ConcurrentGCThread "G1 Service"                [id=17320, stack(0x000000a7cd100000,0x000000a7cd200000) (1024K)]
Total: 21

Threads with active compile tasks:
C2 CompilerThread0  5325 3400   !   4       java.net.URLClassLoader::findClass (47 bytes)
Total: 1

VM state: at safepoint (normal execution)

VM Mutex/Monitor currently owned by a thread:  ([mutex/lock_event])
[0x00007fff1e7cd360] Threads_lock - owner thread: 0x000001ce1f7ebe00
[0x00007fff1e7cd460] Heap_lock - owner thread: 0x000001ce258af850

Heap address: 0x0000000080000000, size: 2048 MB, Compressed Oops mode: 32-bit

CDS archive(s) not mapped
Compressed class space mapped at: 0x0000000100000000-0x0000000140000000, reserved size: 1073741824
Narrow klass base: 0x0000000000000000, Narrow klass shift: 3, Narrow klass range: 0x140000000

GC Precious Log:
 CardTable entry size: 512
 Card Set container configuration: InlinePtr #cards 5 size 8 Array Of Cards #cards 12 size 40 Howl #buckets 4 coarsen threshold 1843 Howl Bitmap #cards 512 size 80 coarsen threshold 460 Card regions per heap region 1 cards per card region 2048
 CPUs: 16 total, 16 available
 Memory: 7514M
 Large Page Support: Disabled
 NUMA Support: Disabled
 Compressed Oops: Enabled (32-bit)
 Heap Region Size: 1M
 Heap Min Capacity: 8M
 Heap Initial Capacity: 118M
 Heap Max Capacity: 2G
 Pre-touch: Disabled
 Parallel Workers: 13
 Concurrent Workers: 3
 Concurrent Refinement Workers: 13
 Periodic GC: Disabled

Heap:
 garbage-first heap   total 91136K, used 43746K [0x0000000080000000, 0x0000000100000000)
  region size 1024K, 2 young (2048K), 2 survivors (2048K)
 Metaspace       used 35420K, committed 36288K, reserved 1114112K
  class space    used 4728K, committed 5184K, reserved 1048576K

Heap Regions: E=young(eden), S=young(survivor), O=old, HS=humongous(starts), HC=humongous(continues), CS=collection set, F=free, TAMS=top-at-mark-start, PB=parsable bottom
|   0|0x0000000080000000, 0x0000000080100000, 0x0000000080100000|100%| O|  |TAMS 0x0000000080100000| PB 0x0000000080000000| Untracked 
|   1|0x0000000080100000, 0x0000000080200000, 0x0000000080200000|100%|HS|  |TAMS 0x0000000080200000| PB 0x0000000080100000| Complete 
|   2|0x0000000080200000, 0x0000000080300000, 0x0000000080300000|100%|HC|  |TAMS 0x0000000080300000| PB 0x0000000080200000| Complete 
|   3|0x0000000080300000, 0x0000000080400000, 0x0000000080400000|100%|HC|  |TAMS 0x0000000080400000| PB 0x0000000080300000| Complete 
|   4|0x0000000080400000, 0x0000000080500000, 0x0000000080500000|100%|HC|  |TAMS 0x0000000080500000| PB 0x0000000080400000| Complete 
|   5|0x0000000080500000, 0x0000000080600000, 0x0000000080600000|100%| O|  |TAMS 0x0000000080600000| PB 0x0000000080500000| Untracked 
|   6|0x0000000080600000, 0x0000000080700000, 0x0000000080700000|100%| O|  |TAMS 0x0000000080700000| PB 0x0000000080600000| Untracked 
|   7|0x0000000080700000, 0x0000000080800000, 0x0000000080800000|100%| O|  |TAMS 0x0000000080800000| PB 0x0000000080700000| Untracked 
|   8|0x0000000080800000, 0x0000000080900000, 0x0000000080900000|100%|HS|  |TAMS 0x0000000080900000| PB 0x0000000080800000| Complete 
|   9|0x0000000080900000, 0x0000000080a00000, 0x0000000080a00000|100%| O|  |TAMS 0x0000000080a00000| PB 0x0000000080900000| Untracked 
|  10|0x0000000080a00000, 0x0000000080b00000, 0x0000000080b00000|100%| O|  |TAMS 0x0000000080b00000| PB 0x0000000080a00000| Untracked 
|  11|0x0000000080b00000, 0x0000000080c00000, 0x0000000080c00000|100%| O|  |TAMS 0x0000000080c00000| PB 0x0000000080b00000| Untracked 
|  12|0x0000000080c00000, 0x0000000080d00000, 0x0000000080d00000|100%| O|  |TAMS 0x0000000080d00000| PB 0x0000000080c00000| Untracked 
|  13|0x0000000080d00000, 0x0000000080e00000, 0x0000000080e00000|100%| O|  |TAMS 0x0000000080e00000| PB 0x0000000080d00000| Untracked 
|  14|0x0000000080e00000, 0x0000000080f00000, 0x0000000080f00000|100%|HS|  |TAMS 0x0000000080f00000| PB 0x0000000080e00000| Complete 
|  15|0x0000000080f00000, 0x0000000081000000, 0x0000000081000000|100%|HS|  |TAMS 0x0000000081000000| PB 0x0000000080f00000| Complete 
|  16|0x0000000081000000, 0x0000000081100000, 0x0000000081100000|100%|HC|  |TAMS 0x0000000081100000| PB 0x0000000081000000| Complete 
|  17|0x0000000081100000, 0x0000000081200000, 0x0000000081200000|100%|HC|  |TAMS 0x0000000081200000| PB 0x0000000081100000| Complete 
|  18|0x0000000081200000, 0x0000000081300000, 0x0000000081300000|100%|HC|  |TAMS 0x0000000081300000| PB 0x0000000081200000| Complete 
|  19|0x0000000081300000, 0x0000000081400000, 0x0000000081400000|100%|HC|  |TAMS 0x0000000081400000| PB 0x0000000081300000| Complete 
|  20|0x0000000081400000, 0x0000000081500000, 0x0000000081500000|100%|HC|  |TAMS 0x0000000081500000| PB 0x0000000081400000| Complete 
|  21|0x0000000081500000, 0x0000000081600000, 0x0000000081600000|100%|HS|  |TAMS 0x0000000081600000| PB 0x0000000081500000| Complete 
|  22|0x0000000081600000, 0x0000000081700000, 0x0000000081700000|100%|HC|  |TAMS 0x0000000081700000| PB 0x0000000081600000| Complete 
|  23|0x0000000081700000, 0x0000000081800000, 0x0000000081800000|100%|HC|  |TAMS 0x0000000081800000| PB 0x0000000081700000| Complete 
|  24|0x0000000081800000, 0x0000000081900000, 0x0000000081900000|100%|HS|  |TAMS 0x0000000081900000| PB 0x0000000081800000| Complete 
|  25|0x0000000081900000, 0x0000000081a00000, 0x0000000081a00000|100%|HC|  |TAMS 0x0000000081a00000| PB 0x0000000081900000| Complete 
|  26|0x0000000081a00000, 0x0000000081b00000, 0x0000000081b00000|100%| O|  |TAMS 0x0000000081b00000| PB 0x0000000081a00000| Untracked 
|  27|0x0000000081b00000, 0x0000000081c00000, 0x0000000081c00000|100%| O|  |TAMS 0x0000000081c00000| PB 0x0000000081b00000| Untracked 
|  28|0x0000000081c00000, 0x0000000081d00000, 0x0000000081d00000|100%| O|  |TAMS 0x0000000081c99900| PB 0x0000000081c00000| Untracked 
|  29|0x0000000081d00000, 0x0000000081d00000, 0x0000000081e00000|  0%| F|  |TAMS 0x0000000081d00000| PB 0x0000000081d00000| Untracked 
|  30|0x0000000081e00000, 0x0000000081e00000, 0x0000000081f00000|  0%| F|  |TAMS 0x0000000081e00000| PB 0x0000000081e00000| Untracked 
|  31|0x0000000081f00000, 0x0000000081f00000, 0x0000000082000000|  0%| F|  |TAMS 0x0000000081f00000| PB 0x0000000081f00000| Untracked 
|  32|0x0000000082000000, 0x0000000082000000, 0x0000000082100000|  0%| F|  |TAMS 0x0000000082000000| PB 0x0000000082000000| Untracked 
|  33|0x0000000082100000, 0x0000000082100000, 0x0000000082200000|  0%| F|  |TAMS 0x0000000082100000| PB 0x0000000082100000| Untracked 
|  34|0x0000000082200000, 0x0000000082200000, 0x0000000082300000|  0%| F|  |TAMS 0x0000000082200000| PB 0x0000000082200000| Untracked 
|  35|0x0000000082300000, 0x0000000082300000, 0x0000000082400000|  0%| F|  |TAMS 0x0000000082300000| PB 0x0000000082300000| Untracked 
|  36|0x0000000082400000, 0x0000000082500000, 0x0000000082500000|100%| O|  |TAMS 0x0000000082400000| PB 0x0000000082400000| Untracked 
|  37|0x0000000082500000, 0x0000000082600000, 0x0000000082600000|100%| O|  |TAMS 0x0000000082500000| PB 0x0000000082500000| Untracked 
|  38|0x0000000082600000, 0x0000000082700000, 0x0000000082700000|100%| O|  |TAMS 0x0000000082600000| PB 0x0000000082600000| Untracked 
|  39|0x0000000082700000, 0x0000000082800000, 0x0000000082800000|100%| O|  |TAMS 0x0000000082700000| PB 0x0000000082700000| Untracked 
|  40|0x0000000082800000, 0x0000000082900000, 0x0000000082900000|100%| O|  |TAMS 0x0000000082800000| PB 0x0000000082800000| Untracked 
|  41|0x0000000082900000, 0x0000000082a00000, 0x0000000082a00000|100%| O|  |TAMS 0x0000000082900000| PB 0x0000000082900000| Untracked 
|  42|0x0000000082a00000, 0x0000000082ab8860, 0x0000000082b00000| 72%| O|  |TAMS 0x0000000082a00000| PB 0x0000000082a00000| Untracked 
|  43|0x0000000082b00000, 0x0000000082b00000, 0x0000000082c00000|  0%| F|  |TAMS 0x0000000082b00000| PB 0x0000000082b00000| Untracked 
|  44|0x0000000082c00000, 0x0000000082c00000, 0x0000000082d00000|  0%| F|  |TAMS 0x0000000082c00000| PB 0x0000000082c00000| Untracked 
|  45|0x0000000082d00000, 0x0000000082d00000, 0x0000000082e00000|  0%| F|  |TAMS 0x0000000082d00000| PB 0x0000000082d00000| Untracked 
|  46|0x0000000082e00000, 0x0000000082e00000, 0x0000000082f00000|  0%| F|  |TAMS 0x0000000082e00000| PB 0x0000000082e00000| Untracked 
|  47|0x0000000082f00000, 0x0000000082f00000, 0x0000000083000000|  0%| F|  |TAMS 0x0000000082f00000| PB 0x0000000082f00000| Untracked 
|  48|0x0000000083000000, 0x0000000083000000, 0x0000000083100000|  0%| F|  |TAMS 0x0000000083000000| PB 0x0000000083000000| Untracked 
|  49|0x0000000083100000, 0x0000000083100000, 0x0000000083200000|  0%| F|  |TAMS 0x0000000083100000| PB 0x0000000083100000| Untracked 
|  50|0x0000000083200000, 0x0000000083200000, 0x0000000083300000|  0%| F|  |TAMS 0x0000000083200000| PB 0x0000000083200000| Untracked 
|  51|0x0000000083300000, 0x0000000083300000, 0x0000000083400000|  0%| F|  |TAMS 0x0000000083300000| PB 0x0000000083300000| Untracked 
|  52|0x0000000083400000, 0x0000000083400000, 0x0000000083500000|  0%| F|  |TAMS 0x0000000083400000| PB 0x0000000083400000| Untracked 
|  53|0x0000000083500000, 0x0000000083500000, 0x0000000083600000|  0%| F|  |TAMS 0x0000000083500000| PB 0x0000000083500000| Untracked 
|  54|0x0000000083600000, 0x0000000083600000, 0x0000000083700000|  0%| F|  |TAMS 0x0000000083600000| PB 0x0000000083600000| Untracked 
|  55|0x0000000083700000, 0x0000000083700000, 0x0000000083800000|  0%| F|  |TAMS 0x0000000083700000| PB 0x0000000083700000| Untracked 
|  56|0x0000000083800000, 0x0000000083800000, 0x0000000083900000|  0%| F|  |TAMS 0x0000000083800000| PB 0x0000000083800000| Untracked 
|  57|0x0000000083900000, 0x0000000083900000, 0x0000000083a00000|  0%| F|  |TAMS 0x0000000083900000| PB 0x0000000083900000| Untracked 
|  58|0x0000000083a00000, 0x0000000083a00000, 0x0000000083b00000|  0%| F|  |TAMS 0x0000000083a00000| PB 0x0000000083a00000| Untracked 
|  59|0x0000000083b00000, 0x0000000083b00000, 0x0000000083c00000|  0%| F|  |TAMS 0x0000000083b00000| PB 0x0000000083b00000| Untracked 
|  60|0x0000000083c00000, 0x0000000083c00000, 0x0000000083d00000|  0%| F|  |TAMS 0x0000000083c00000| PB 0x0000000083c00000| Untracked 
|  61|0x0000000083d00000, 0x0000000083d00000, 0x0000000083e00000|  0%| F|  |TAMS 0x0000000083d00000| PB 0x0000000083d00000| Untracked 
|  62|0x0000000083e00000, 0x0000000083e00000, 0x0000000083f00000|  0%| F|  |TAMS 0x0000000083e00000| PB 0x0000000083e00000| Untracked 
|  63|0x0000000083f00000, 0x0000000083f00000, 0x0000000084000000|  0%| F|  |TAMS 0x0000000083f00000| PB 0x0000000083f00000| Untracked 
|  64|0x0000000084000000, 0x0000000084000000, 0x0000000084100000|  0%| F|  |TAMS 0x0000000084000000| PB 0x0000000084000000| Untracked 
|  65|0x0000000084100000, 0x0000000084100000, 0x0000000084200000|  0%| F|  |TAMS 0x0000000084100000| PB 0x0000000084100000| Untracked 
|  66|0x0000000084200000, 0x0000000084200000, 0x0000000084300000|  0%| F|  |TAMS 0x0000000084200000| PB 0x0000000084200000| Untracked 
|  67|0x0000000084300000, 0x0000000084300000, 0x0000000084400000|  0%| F|  |TAMS 0x0000000084300000| PB 0x0000000084300000| Untracked 
|  68|0x0000000084400000, 0x0000000084400000, 0x0000000084500000|  0%| F|  |TAMS 0x0000000084400000| PB 0x0000000084400000| Untracked 
|  69|0x0000000084500000, 0x0000000084500000, 0x0000000084600000|  0%| F|  |TAMS 0x0000000084500000| PB 0x0000000084500000| Untracked 
|  70|0x0000000084600000, 0x0000000084600000, 0x0000000084700000|  0%| F|  |TAMS 0x0000000084600000| PB 0x0000000084600000| Untracked 
|  71|0x0000000084700000, 0x0000000084700000, 0x0000000084800000|  0%| F|  |TAMS 0x0000000084700000| PB 0x0000000084700000| Untracked 
|  72|0x0000000084800000, 0x0000000084800000, 0x0000000084900000|  0%| F|  |TAMS 0x0000000084800000| PB 0x0000000084800000| Untracked 
|  73|0x0000000084900000, 0x0000000084900000, 0x0000000084a00000|  0%| F|  |TAMS 0x0000000084900000| PB 0x0000000084900000| Untracked 
|  81|0x0000000085100000, 0x0000000085100000, 0x0000000085200000|  0%| F|  |TAMS 0x0000000085100000| PB 0x0000000085100000| Untracked 
|  82|0x0000000085200000, 0x0000000085200000, 0x0000000085300000|  0%| F|  |TAMS 0x0000000085200000| PB 0x0000000085200000| Untracked 
|  83|0x0000000085300000, 0x0000000085400000, 0x0000000085400000|100%| S|CS|TAMS 0x0000000085300000| PB 0x0000000085300000| Complete 
|  84|0x0000000085400000, 0x0000000085500000, 0x0000000085500000|100%| S|CS|TAMS 0x0000000085400000| PB 0x0000000085400000| Complete 
|  85|0x0000000085500000, 0x0000000085500000, 0x0000000085600000|  0%| F|  |TAMS 0x0000000085500000| PB 0x0000000085500000| Untracked 
|  86|0x0000000085600000, 0x0000000085600000, 0x0000000085700000|  0%| F|  |TAMS 0x0000000085600000| PB 0x0000000085600000| Untracked 
|  87|0x0000000085700000, 0x0000000085700000, 0x0000000085800000|  0%| F|  |TAMS 0x0000000085700000| PB 0x0000000085700000| Untracked 
|  88|0x0000000085800000, 0x0000000085800000, 0x0000000085900000|  0%| F|  |TAMS 0x0000000085800000| PB 0x0000000085800000| Untracked 
|  89|0x0000000085900000, 0x0000000085900000, 0x0000000085a00000|  0%| F|  |TAMS 0x0000000085900000| PB 0x0000000085900000| Untracked 
| 117|0x0000000087500000, 0x0000000087500000, 0x0000000087600000|  0%| F|  |TAMS 0x0000000087500000| PB 0x0000000087500000| Untracked 
|2043|0x00000000ffb00000, 0x00000000ffc00000, 0x00000000ffc00000|100%| O|  |TAMS 0x00000000ffc00000| PB 0x00000000ffb00000| Untracked 
|2044|0x00000000ffc00000, 0x00000000ffd00000, 0x00000000ffd00000|100%| O|  |TAMS 0x00000000ffd00000| PB 0x00000000ffc00000| Untracked 
|2045|0x00000000ffd00000, 0x00000000ffe00000, 0x00000000ffe00000|100%| O|  |TAMS 0x00000000ffe00000| PB 0x00000000ffd00000| Untracked 
|2046|0x00000000ffe00000, 0x00000000fff00000, 0x00000000fff00000|100%| O|  |TAMS 0x00000000fff00000| PB 0x00000000ffe00000| Untracked 
|2047|0x00000000fff00000, 0x0000000100000000, 0x0000000100000000|100%| O|  |TAMS 0x0000000100000000| PB 0x00000000fff00000| Untracked 

Card table byte_map: [0x000001ce1a2a0000,0x000001ce1a6a0000] _byte_map_base: 0x000001ce19ea0000

Marking Bits: (CMBitMap*) 0x000001ce07522bf0
 Bits: [0x000001ce1a6a0000, 0x000001ce1c6a0000)

Polling page: 0x000001ce05490000

Metaspace:

Usage:
  Non-class:     29.97 MB used.
      Class:      4.62 MB used.
       Both:     34.59 MB used.

Virtual space:
  Non-class space:       64.00 MB reserved,      30.38 MB ( 47%) committed,  1 nodes.
      Class space:        1.00 GB reserved,       5.06 MB ( <1%) committed,  1 nodes.
             Both:        1.06 GB reserved,      35.44 MB (  3%) committed. 

Chunk freelists:
   Non-Class:  704.00 KB
       Class:  10.78 MB
        Both:  11.46 MB

MaxMetaspaceSize: unlimited
CompressedClassSpaceSize: 1.00 GB
Initial GC threshold: 21.00 MB
Current GC threshold: 35.44 MB
CDS: off
 - commit_granule_bytes: 65536.
 - commit_granule_words: 8192.
 - virtual_space_node_default_size: 8388608.
 - enlarge_chunks_in_place: 1.
 - use_allocation_guard: 0.


Internal statistics:

num_allocs_failed_limit: 9.
num_arena_births: 1430.
num_arena_deaths: 0.
num_vsnodes_births: 2.
num_vsnodes_deaths: 0.
num_space_committed: 567.
num_space_uncommitted: 0.
num_chunks_returned_to_freelist: 9.
num_chunks_taken_from_freelist: 2618.
num_chunk_merges: 6.
num_chunk_splits: 1641.
num_chunks_enlarged: 1011.
num_inconsistent_stats: 0.

CodeHeap 'non-profiled nmethods': size=119168Kb used=1727Kb max_used=1727Kb free=117440Kb
 bounds [0x000001ce121c0000, 0x000001ce12430000, 0x000001ce19620000]
CodeHeap 'profiled nmethods': size=119104Kb used=7578Kb max_used=7578Kb free=111525Kb
 bounds [0x000001ce0a620000, 0x000001ce0ad90000, 0x000001ce11a70000]
CodeHeap 'non-nmethods': size=7488Kb used=2615Kb max_used=2660Kb free=4872Kb
 bounds [0x000001ce11a70000, 0x000001ce11d20000, 0x000001ce121c0000]
 total_blobs=4208 nmethods=3623 adapters=487
 compilation: enabled
              stopped_count=0, restarted_count=0
 full_count=0

Compilation events (20 events):
Event: 5.278 Thread 0x000001ce1f865f60 3646       3       java.util.stream.ReduceOps$3ReducingSink::accept (15 bytes)
Event: 5.279 Thread 0x000001ce1f865f60 nmethod 3646 0x000001ce0ad7f990 code [0x000001ce0ad7fb40, 0x000001ce0ad7fd20]
Event: 5.284 Thread 0x000001ce1f865f60 3647       3       java.lang.Class::methodToString (78 bytes)
Event: 5.285 Thread 0x000001ce1f865f60 nmethod 3647 0x000001ce0ad7fe10 code [0x000001ce0ad80120, 0x000001ce0ad80ed0]
Event: 5.286 Thread 0x000001ce1fa18290 3648       1       java.util.stream.Collectors$CollectorImpl::finisher (5 bytes)
Event: 5.286 Thread 0x000001ce1fa18290 nmethod 3648 0x000001ce1236f690 code [0x000001ce1236f820, 0x000001ce1236f8e8]
Event: 5.288 Thread 0x000001ce1fa18290 3649       3       jdk.internal.reflect.ReflectionFactory::newConstructorAccessor (144 bytes)
Event: 5.288 Thread 0x000001ce1fa18930 3650   !   3       jdk.internal.reflect.MethodHandleAccessorFactory::newConstructorAccessor (84 bytes)
Event: 5.288 Thread 0x000001ce1f865f60 3651       3       java.util.WeakHashMap::get (75 bytes)
Event: 5.288 Thread 0x000001ce1fa18290 nmethod 3649 0x000001ce0ad81410 code [0x000001ce0ad81640, 0x000001ce0ad81c88]
Event: 5.289 Thread 0x000001ce1fa18930 nmethod 3650 0x000001ce0ad81f90 code [0x000001ce0ad82300, 0x000001ce0ad836d0]
Event: 5.289 Thread 0x000001ce1f865f60 nmethod 3651 0x000001ce0ad84010 code [0x000001ce0ad84240, 0x000001ce0ad84ab0]
Event: 5.292 Thread 0x000001ce1fa18290 3652       1       java.io.ObjectStreamClass::getResolveException (5 bytes)
Event: 5.292 Thread 0x000001ce1fa18290 nmethod 3652 0x000001ce1236f990 code [0x000001ce1236fb20, 0x000001ce1236fbe8]
Event: 5.294 Thread 0x000001ce1fa18290 3656       3       java.lang.reflect.Constructor::isVarArgs (5 bytes)
Event: 5.294 Thread 0x000001ce1fa18930 3657       3       java.lang.invoke.MemberName::<init> (78 bytes)
Event: 5.294 Thread 0x000001ce1fa18290 nmethod 3656 0x000001ce0ad84e10 code [0x000001ce0ad84fc0, 0x000001ce0ad85198]
Event: 5.295 Thread 0x000001ce1fa18930 nmethod 3657 0x000001ce0ad85290 code [0x000001ce0ad854c0, 0x000001ce0ad85e48]
Event: 5.296 Thread 0x000001ce1fa18930 3658       3       jdk.internal.reflect.ClassFileAssembler::append (30 bytes)
Event: 5.297 Thread 0x000001ce1fa18930 nmethod 3658 0x000001ce0ad86110 code [0x000001ce0ad86300, 0x000001ce0ad867b8]

GC Heap History (13 events):
Event: 0.661 GC heap before
{Heap before GC invocations=0 (full 0):
 garbage-first heap   total 120832K, used 22528K [0x0000000080000000, 0x0000000100000000)
  region size 1024K, 23 young (23552K), 0 survivors (0K)
 Metaspace       used 8072K, committed 8192K, reserved 1114112K
  class space    used 716K, committed 768K, reserved 1048576K
}
Event: 0.666 GC heap after
{Heap after GC invocations=1 (full 0):
 garbage-first heap   total 120832K, used 3488K [0x0000000080000000, 0x0000000100000000)
  region size 1024K, 3 young (3072K), 3 survivors (3072K)
 Metaspace       used 8072K, committed 8192K, reserved 1114112K
  class space    used 716K, committed 768K, reserved 1048576K
}
Event: 1.513 GC heap before
{Heap before GC invocations=1 (full 0):
 garbage-first heap   total 120832K, used 41376K [0x0000000080000000, 0x0000000100000000)
  region size 1024K, 36 young (36864K), 3 survivors (3072K)
 Metaspace       used 12287K, committed 12480K, reserved 1114112K
  class space    used 1279K, committed 1408K, reserved 1048576K
}
Event: 1.537 GC heap after
{Heap after GC invocations=2 (full 0):
 garbage-first heap   total 120832K, used 12430K [0x0000000080000000, 0x0000000100000000)
  region size 1024K, 5 young (5120K), 5 survivors (5120K)
 Metaspace       used 12287K, committed 12480K, reserved 1114112K
  class space    used 1279K, committed 1408K, reserved 1048576K
}
Event: 2.106 GC heap before
{Heap before GC invocations=2 (full 0):
 garbage-first heap   total 120832K, used 57486K [0x0000000080000000, 0x0000000100000000)
  region size 1024K, 47 young (48128K), 5 survivors (5120K)
 Metaspace       used 12624K, committed 12864K, reserved 1114112K
  class space    used 1334K, committed 1472K, reserved 1048576K
}
Event: 2.115 GC heap after
{Heap after GC invocations=3 (full 0):
 garbage-first heap   total 120832K, used 18367K [0x0000000080000000, 0x0000000100000000)
  region size 1024K, 5 young (5120K), 5 survivors (5120K)
 Metaspace       used 12624K, committed 12864K, reserved 1114112K
  class space    used 1334K, committed 1472K, reserved 1048576K
}
Event: 2.926 GC heap before
{Heap before GC invocations=3 (full 0):
 garbage-first heap   total 120832K, used 44991K [0x0000000080000000, 0x0000000100000000)
  region size 1024K, 33 young (33792K), 5 survivors (5120K)
 Metaspace       used 21222K, committed 21504K, reserved 1114112K
  class space    used 2407K, committed 2496K, reserved 1048576K
}
Event: 2.932 GC heap after
{Heap after GC invocations=4 (full 0):
 garbage-first heap   total 120832K, used 21867K [0x0000000080000000, 0x0000000100000000)
  region size 1024K, 9 young (9216K), 9 survivors (9216K)
 Metaspace       used 21222K, committed 21504K, reserved 1114112K
  class space    used 2407K, committed 2496K, reserved 1048576K
}
Event: 4.245 GC heap before
{Heap before GC invocations=5 (full 0):
 garbage-first heap   total 78848K, used 76139K [0x0000000080000000, 0x0000000100000000)
  region size 1024K, 63 young (64512K), 9 survivors (9216K)
 Metaspace       used 30018K, committed 30592K, reserved 1114112K
  class space    used 3820K, committed 4096K, reserved 1048576K
}
Event: 4.255 GC heap after
{Heap after GC invocations=6 (full 0):
 garbage-first heap   total 91136K, used 25012K [0x0000000080000000, 0x0000000100000000)
  region size 1024K, 7 young (7168K), 7 survivors (7168K)
 Metaspace       used 30018K, committed 30592K, reserved 1114112K
  class space    used 3820K, committed 4096K, reserved 1048576K
}
Event: 5.176 GC heap before
{Heap before GC invocations=6 (full 0):
 garbage-first heap   total 91136K, used 77236K [0x0000000080000000, 0x0000000100000000)
  region size 1024K, 48 young (49152K), 7 survivors (7168K)
 Metaspace       used 35107K, committed 35968K, reserved 1114112K
  class space    used 4676K, committed 5120K, reserved 1048576K
}
Event: 5.186 GC heap after
{Heap after GC invocations=7 (full 0):
 garbage-first heap   total 91136K, used 40550K [0x0000000080000000, 0x0000000100000000)
  region size 1024K, 7 young (7168K), 7 survivors (7168K)
 Metaspace       used 35107K, committed 35968K, reserved 1114112K
  class space    used 4676K, committed 5120K, reserved 1048576K
}
Event: 5.298 GC heap before
{Heap before GC invocations=7 (full 0):
 garbage-first heap   total 91136K, used 45670K [0x0000000080000000, 0x0000000100000000)
  region size 1024K, 13 young (13312K), 7 survivors (7168K)
 Metaspace       used 35420K, committed 36288K, reserved 1114112K
  class space    used 4728K, committed 5184K, reserved 1048576K
}

Dll operation events (3 events):
Event: 0.012 Loaded shared library C:\Program Files\Android\Android Studio\jbr\bin\java.dll
Event: 0.019 Loaded shared library C:\Program Files\Android\Android Studio\jbr\bin\zip.dll
Event: 0.754 Loaded shared library C:\Program Files\Android\Android Studio\jbr\bin\verify.dll

Deoptimization events (20 events):
Event: 5.066 Thread 0x000001ce258af850 Uncommon trap: trap_request=0xffffffc6 fr.pc=0x000001ce12340358 relative=0x0000000000004c58
Event: 5.066 Thread 0x000001ce258af850 Uncommon trap: reason=bimorphic_or_optimized_type_check action=maybe_recompile pc=0x000001ce12340358 method=java.lang.ClassLoader.loadClass(Ljava/lang/String;Z)Ljava/lang/Class; @ 38 c2
Event: 5.066 Thread 0x000001ce258af850 DEOPT PACKING pc=0x000001ce12340358 sp=0x000000a7ceafa1b0
Event: 5.066 Thread 0x000001ce258af850 DEOPT UNPACKING pc=0x000001ce11ac46a2 sp=0x000000a7ceafa1d0 mode 2
Event: 5.068 Thread 0x000001ce258af850 Uncommon trap: trap_request=0xffffffc6 fr.pc=0x000001ce12340358 relative=0x0000000000004c58
Event: 5.068 Thread 0x000001ce258af850 Uncommon trap: reason=bimorphic_or_optimized_type_check action=maybe_recompile pc=0x000001ce12340358 method=java.lang.ClassLoader.loadClass(Ljava/lang/String;Z)Ljava/lang/Class; @ 38 c2
Event: 5.068 Thread 0x000001ce258af850 DEOPT PACKING pc=0x000001ce12340358 sp=0x000000a7ceafa3f0
Event: 5.068 Thread 0x000001ce258af850 DEOPT UNPACKING pc=0x000001ce11ac46a2 sp=0x000000a7ceafa410 mode 2
Event: 5.068 Thread 0x000001ce258af850 Uncommon trap: trap_request=0xffffffc6 fr.pc=0x000001ce12340358 relative=0x0000000000004c58
Event: 5.068 Thread 0x000001ce258af850 Uncommon trap: reason=bimorphic_or_optimized_type_check action=maybe_recompile pc=0x000001ce12340358 method=java.lang.ClassLoader.loadClass(Ljava/lang/String;Z)Ljava/lang/Class; @ 38 c2
Event: 5.068 Thread 0x000001ce258af850 DEOPT PACKING pc=0x000001ce12340358 sp=0x000000a7ceafb6c0
Event: 5.068 Thread 0x000001ce258af850 DEOPT UNPACKING pc=0x000001ce11ac46a2 sp=0x000000a7ceafb6e0 mode 2
Event: 5.091 Thread 0x000001ce258af850 DEOPT PACKING pc=0x000001ce0a71e5d9 sp=0x000000a7ceafabb0
Event: 5.091 Thread 0x000001ce258af850 DEOPT UNPACKING pc=0x000001ce11ac4e42 sp=0x000000a7ceafa038 mode 0
Event: 5.100 Thread 0x000001ce258af850 DEOPT PACKING pc=0x000001ce0a71e5d9 sp=0x000000a7ceafabb0
Event: 5.100 Thread 0x000001ce258af850 DEOPT UNPACKING pc=0x000001ce11ac4e42 sp=0x000000a7ceafa038 mode 0
Event: 5.144 Thread 0x000001ce258af850 DEOPT PACKING pc=0x000001ce0ab828a1 sp=0x000000a7ceaf9bb0
Event: 5.144 Thread 0x000001ce258af850 DEOPT UNPACKING pc=0x000001ce11ac4e42 sp=0x000000a7ceaf90b0 mode 0
Event: 5.246 Thread 0x000001ce258af850 DEOPT PACKING pc=0x000001ce0a71e5d9 sp=0x000000a7ceaf9800
Event: 5.246 Thread 0x000001ce258af850 DEOPT UNPACKING pc=0x000001ce11ac4e42 sp=0x000000a7ceaf8c88 mode 0

Classes loaded (20 events):
Event: 4.611 Loading class java/io/UnsupportedEncodingException
Event: 4.611 Loading class java/io/UnsupportedEncodingException done
Event: 4.646 Loading class java/util/Collections$SingletonMap
Event: 4.646 Loading class java/util/Collections$SingletonMap done
Event: 4.854 Loading class java/util/concurrent/TimeoutException
Event: 4.854 Loading class java/util/concurrent/TimeoutException done
Event: 4.854 Loading class java/util/concurrent/CancellationException
Event: 4.854 Loading class java/util/concurrent/CancellationException done
Event: 4.884 Loading class java/util/concurrent/locks/AbstractQueuedSynchronizer$SharedNode
Event: 4.884 Loading class java/util/concurrent/locks/AbstractQueuedSynchronizer$SharedNode done
Event: 4.889 Loading class java/io/InterruptedIOException
Event: 4.889 Loading class java/io/InterruptedIOException done
Event: 4.897 Loading class java/util/ArrayDeque$DeqSpliterator
Event: 4.898 Loading class java/util/ArrayDeque$DeqSpliterator done
Event: 4.911 Loading class java/nio/charset/CharacterCodingException
Event: 4.911 Loading class java/nio/charset/CharacterCodingException done
Event: 4.912 Loading class java/lang/Short$ShortCache
Event: 4.912 Loading class java/lang/Short$ShortCache done
Event: 5.027 Loading class sun/nio/fs/WindowsPath$1
Event: 5.027 Loading class sun/nio/fs/WindowsPath$1 done

Classes unloaded (0 events):
No events

Classes redefined (0 events):
No events

Internal exceptions (20 events):
Event: 5.258 Thread 0x000001ce258af850 Exception <a 'java/lang/NoSuchMethodError'{0x00000000857889e0}: static Lorg/jetbrains/kotlin/idea/gradleTooling/model/annotation/AnnotationBasedPluginModel;.<clinit>()V> (0x00000000857889e0) 
thrown [s\src\hotspot\share\prims\jni.cpp, line 1135]
Event: 5.259 Thread 0x000001ce258af850 Exception <a 'java/lang/NoSuchMethodError'{0x0000000085799eb8}: static Lorg/jetbrains/kotlin/idea/gradleTooling/model/lombok/LombokModel;.<clinit>()V> (0x0000000085799eb8) 
thrown [s\src\hotspot\share\prims\jni.cpp, line 1135]
Event: 5.261 Thread 0x000001ce258af850 Exception <a 'java/lang/NoSuchMethodError'{0x00000000857ab9d8}: static Lorg/jetbrains/kotlin/idea/gradleTooling/model/samWithReceiver/SamWithReceiverModel;.<clinit>()V> (0x00000000857ab9d8) 
thrown [s\src\hotspot\share\prims\jni.cpp, line 1135]
Event: 5.262 Thread 0x000001ce258af850 Exception <a 'java/lang/NoSuchMethodError'{0x00000000857bd458}: static Lorg/jetbrains/kotlin/idea/gradleTooling/model/noarg/NoArgModel;.<clinit>()V> (0x00000000857bd458) 
thrown [s\src\hotspot\share\prims\jni.cpp, line 1135]
Event: 5.263 Thread 0x000001ce258af850 Exception <a 'java/lang/NoSuchMethodError'{0x00000000857cf000}: static Lorg/jetbrains/kotlin/idea/gradleTooling/model/allopen/AllOpenModel;.<clinit>()V> (0x00000000857cf000) 
thrown [s\src\hotspot\share\prims\jni.cpp, line 1135]
Event: 5.265 Thread 0x000001ce258af850 Exception <a 'java/lang/NoSuchMethodError'{0x00000000857e3358}: static Lorg/jetbrains/kotlin/gradle/idea/tcs/IdeaKotlinDependency;.<clinit>()V> (0x00000000857e3358) 
thrown [s\src\hotspot\share\prims\jni.cpp, line 1135]
Event: 5.269 Thread 0x000001ce258af850 Exception <a 'java/lang/NoSuchMethodError'{0x000000008560e228}: static Ljava/lang/Object;.<clinit>()V> (0x000000008560e228) 
thrown [s\src\hotspot\share\prims\jni.cpp, line 1135]
Event: 5.270 Thread 0x000001ce258af850 Exception <a 'java/lang/NoSuchMethodError'{0x0000000085620528}: static Lorg/jetbrains/plugins/gradle/model/GradleExtensions;.<clinit>()V> (0x0000000085620528) 
thrown [s\src\hotspot\share\prims\jni.cpp, line 1135]
Event: 5.271 Thread 0x000001ce258af850 Exception <a 'java/lang/NoSuchMethodError'{0x0000000085631b20}: static Lorg/jetbrains/plugins/gradle/model/tests/ExternalTestsModel;.<clinit>()V> (0x0000000085631b20) 
thrown [s\src\hotspot\share\prims\jni.cpp, line 1135]
Event: 5.272 Thread 0x000001ce258af850 Exception <a 'java/lang/NoSuchMethodError'{0x0000000085644af0}: static Lorg/jetbrains/plugins/gradle/model/IntelliJProjectSettings;.<clinit>()V> (0x0000000085644af0) 
thrown [s\src\hotspot\share\prims\jni.cpp, line 1135]
Event: 5.272 Thread 0x000001ce258af850 Exception <a 'java/lang/NoSuchMethodError'{0x0000000085652978}: static Lorg/jetbrains/plugins/gradle/model/IntelliJSettings;.<clinit>()V> (0x0000000085652978) 
thrown [s\src\hotspot\share\prims\jni.cpp, line 1135]
Event: 5.273 Thread 0x000001ce258af850 Exception <a 'java/lang/NoSuchMethodError'{0x00000000856631d0}: static Lorg/jetbrains/plugins/gradle/model/DependencyAccessorsModel;.<clinit>()V> (0x00000000856631d0) 
thrown [s\src\hotspot\share\prims\jni.cpp, line 1135]
Event: 5.279 Thread 0x000001ce258af850 Exception <a 'java/lang/NoSuchMethodError'{0x00000000856b2488}: static Lcom/intellij/gradle/toolingExtension/impl/model/buildScriptClasspathModel/GradleBuildScriptClasspathModelProvider;.<clinit>()V> (0x00000000856b2488) 
thrown [s\src\hotspot\share\prims\jni.cpp, line 1135]
Event: 5.281 Thread 0x000001ce258af850 Exception <a 'java/lang/NoSuchMethodError'{0x00000000856c97d0}: static Lcom/intellij/gradle/toolingExtension/impl/model/taskModel/GradleTaskModelProvider;.<clinit>()V> (0x00000000856c97d0) 
thrown [s\src\hotspot\share\prims\jni.cpp, line 1135]
Event: 5.284 Thread 0x000001ce258af850 Exception <a 'java/lang/NoSuchMethodError'{0x00000000856e1650}: static Lcom/intellij/gradle/toolingExtension/impl/model/sourceSetModel/GradleSourceSetModelProvider;.<clinit>()V> (0x00000000856e1650) 
thrown [s\src\hotspot\share\prims\jni.cpp, line 1135]
Event: 5.286 Thread 0x000001ce258af850 Exception <a 'java/lang/NoSuchMethodError'{0x00000000856fa518}: static Lcom/intellij/gradle/toolingExtension/impl/model/sourceSetDependencyModel/GradleSourceSetDependencyModelProvider;.<clinit>()V> (0x00000000856fa518) 
thrown [s\src\hotspot\share\prims\jni.cpp, line 1135]
Event: 5.290 Thread 0x000001ce258af850 Exception <a 'java/lang/NoSuchMethodError'{0x0000000085522ff0}: static Lorg/jetbrains/plugins/gradle/model/ExternalProjectDependency;.<clinit>()V> (0x0000000085522ff0) 
thrown [s\src\hotspot\share\prims\jni.cpp, line 1135]
Event: 5.291 Thread 0x000001ce258af850 Exception <a 'java/lang/NoSuchMethodError'{0x0000000085533250}: static Lorg/jetbrains/plugins/gradle/model/ExternalLibraryDependency;.<clinit>()V> (0x0000000085533250) 
thrown [s\src\hotspot\share\prims\jni.cpp, line 1135]
Event: 5.292 Thread 0x000001ce258af850 Exception <a 'java/lang/NoSuchMethodError'{0x0000000085542e80}: static Lorg/jetbrains/plugins/gradle/model/FileCollectionDependency;.<clinit>()V> (0x0000000085542e80) 
thrown [s\src\hotspot\share\prims\jni.cpp, line 1135]
Event: 5.293 Thread 0x000001ce258af850 Exception <a 'java/lang/NoSuchMethodError'{0x00000000855528b8}: static Lorg/jetbrains/plugins/gradle/model/UnresolvedExternalDependency;.<clinit>()V> (0x00000000855528b8) 
thrown [s\src\hotspot\share\prims\jni.cpp, line 1135]

ZGC Phase Switch (0 events):
No events

VM Operations (20 events):
Event: 2.943 Executing VM operation: G1PauseCleanup done
Event: 3.139 Executing VM operation: HandshakeAllThreads (Deoptimize)
Event: 3.139 Executing VM operation: HandshakeAllThreads (Deoptimize) done
Event: 3.468 Executing VM operation: HandshakeAllThreads (Deoptimize)
Event: 3.468 Executing VM operation: HandshakeAllThreads (Deoptimize) done
Event: 3.721 Executing VM operation: HandshakeAllThreads (Deoptimize)
Event: 3.721 Executing VM operation: HandshakeAllThreads (Deoptimize) done
Event: 3.721 Executing VM operation: HandshakeAllThreads (Deoptimize)
Event: 3.721 Executing VM operation: HandshakeAllThreads (Deoptimize) done
Event: 4.151 Executing VM operation: ICBufferFull
Event: 4.151 Executing VM operation: ICBufferFull done
Event: 4.245 Executing VM operation: G1CollectForAllocation (G1 Evacuation Pause)
Event: 4.255 Executing VM operation: G1CollectForAllocation (G1 Evacuation Pause) done
Event: 4.944 Executing VM operation: HandshakeAllThreads (Deoptimize)
Event: 4.944 Executing VM operation: HandshakeAllThreads (Deoptimize) done
Event: 5.133 Executing VM operation: ICBufferFull
Event: 5.133 Executing VM operation: ICBufferFull done
Event: 5.176 Executing VM operation: CollectForMetadataAllocation (Metadata GC Threshold)
Event: 5.186 Executing VM operation: CollectForMetadataAllocation (Metadata GC Threshold) done
Event: 5.297 Executing VM operation: CollectForMetadataAllocation (Metadata GC Threshold)

Memory protections (0 events):
No events

Nmethod flushes (0 events):
No events

Events (20 events):
Event: 4.637 Thread 0x000001ce258af850 Thread added: 0x000001ce258e2870
Event: 4.649 Thread 0x000001ce258af850 Thread added: 0x000001ce26132200
Event: 4.883 Thread 0x000001ce258af850 Thread added: 0x000001ce26138470
Event: 4.891 Thread 0x000001ce258af850 Thread added: 0x000001ce26133c40
Event: 5.023 Thread 0x000001ce258af850 Thread added: 0x000001ce26132890
Event: 5.024 Thread 0x000001ce258af850 Thread added: 0x000001ce261342d0
Event: 5.024 Thread 0x000001ce258af850 Thread added: 0x000001ce26135680
Event: 5.024 Thread 0x000001ce258af850 Thread added: 0x000001ce26132f20
Event: 5.024 Thread 0x000001ce258af850 Thread added: 0x000001ce26138b00
Event: 5.024 Thread 0x000001ce258af850 Thread added: 0x000001ce26139190
Event: 5.025 Thread 0x000001ce258af850 Thread added: 0x000001ce26139820
Event: 5.025 Thread 0x000001ce258af850 Thread added: 0x000001ce26135d10
Event: 5.025 Thread 0x000001ce258af850 Thread added: 0x000001ce261363a0
Event: 5.025 Thread 0x000001ce258af850 Thread added: 0x000001ce261335b0
Event: 5.025 Thread 0x000001ce258af850 Thread added: 0x000001ce26134960
Event: 5.025 Thread 0x000001ce258af850 Thread added: 0x000001ce261370c0
Event: 5.026 Thread 0x000001ce258af850 Thread added: 0x000001ce26136a30
Event: 5.026 Thread 0x000001ce258af850 Thread added: 0x000001ce26137750
Event: 5.026 Thread 0x000001ce258af850 Thread added: 0x000001ce26137de0
Event: 5.026 Thread 0x000001ce258af850 Thread added: 0x000001ce26134ff0


Dynamic libraries:
0x00007ff7a83d0000 - 0x00007ff7a83da000 	C:\Program Files\Android\Android Studio\jbr\bin\java.exe
0x00007fff9a090000 - 0x00007fff9a2a7000 	C:\Windows\SYSTEM32\ntdll.dll
0x00007fff97d80000 - 0x00007fff97e44000 	C:\Windows\System32\KERNEL32.DLL
0x00007fff97660000 - 0x00007fff97a33000 	C:\Windows\System32\KERNELBASE.dll
0x00007fff97540000 - 0x00007fff97651000 	C:\Windows\System32\ucrtbase.dll
0x00007fff8def0000 - 0x00007fff8df08000 	C:\Program Files\Android\Android Studio\jbr\bin\jli.dll
0x00007fff90af0000 - 0x00007fff90b0b000 	C:\Program Files\Android\Android Studio\jbr\bin\VCRUNTIME140.dll
0x00007fff99300000 - 0x00007fff994b1000 	C:\Windows\System32\USER32.dll
0x00007fff97c00000 - 0x00007fff97c26000 	C:\Windows\System32\win32u.dll
0x00007fff8d890000 - 0x00007fff8db28000 	C:\Windows\WinSxS\amd64_microsoft.windows.common-controls_6595b64144ccf1df_6.0.22621.5124_none_270e8f4f7386d69d\COMCTL32.dll
0x00007fff997d0000 - 0x00007fff997f9000 	C:\Windows\System32\GDI32.dll
0x00007fff98780000 - 0x00007fff98827000 	C:\Windows\System32\msvcrt.dll
0x00007fff97ae0000 - 0x00007fff97bfb000 	C:\Windows\System32\gdi32full.dll
0x00007fff97a40000 - 0x00007fff97ada000 	C:\Windows\System32\msvcp_win.dll
0x00007fff98830000 - 0x00007fff98861000 	C:\Windows\System32\IMM32.DLL
0x00007fff90b20000 - 0x00007fff90b2c000 	C:\Program Files\Android\Android Studio\jbr\bin\vcruntime140_1.dll
0x00007fff86280000 - 0x00007fff8630d000 	C:\Program Files\Android\Android Studio\jbr\bin\msvcp140.dll
0x00007fff1dc20000 - 0x00007fff1e8aa000 	C:\Program Files\Android\Android Studio\jbr\bin\server\jvm.dll
0x00007fff99240000 - 0x00007fff992f1000 	C:\Windows\System32\ADVAPI32.dll
0x00007fff99680000 - 0x00007fff99728000 	C:\Windows\System32\sechost.dll
0x00007fff97510000 - 0x00007fff97538000 	C:\Windows\System32\bcrypt.dll
0x00007fff98a50000 - 0x00007fff98b64000 	C:\Windows\System32\RPCRT4.dll
0x00007fff989d0000 - 0x00007fff98a41000 	C:\Windows\System32\WS2_32.dll
0x00007fff8cc10000 - 0x00007fff8cc1a000 	C:\Windows\SYSTEM32\VERSION.dll
0x00007fff96b30000 - 0x00007fff96b7d000 	C:\Windows\SYSTEM32\POWRPROF.dll
0x00007fff90a90000 - 0x00007fff90ac4000 	C:\Windows\SYSTEM32\WINMM.dll
0x00007fff96b10000 - 0x00007fff96b23000 	C:\Windows\SYSTEM32\UMPDC.dll
0x00007fff961d0000 - 0x00007fff961e8000 	C:\Windows\SYSTEM32\kernel.appcore.dll
0x00007fff8ade0000 - 0x00007fff8adea000 	C:\Program Files\Android\Android Studio\jbr\bin\jimage.dll
0x00007fff94690000 - 0x00007fff948c2000 	C:\Windows\SYSTEM32\DBGHELP.DLL
0x00007fff99cb0000 - 0x00007fff9a042000 	C:\Windows\System32\combase.dll
0x00007fff98fd0000 - 0x00007fff990a7000 	C:\Windows\System32\OLEAUT32.dll
0x00007fff8cc20000 - 0x00007fff8cc52000 	C:\Windows\SYSTEM32\dbgcore.DLL
0x00007fff97cb0000 - 0x00007fff97d2b000 	C:\Windows\System32\bcryptPrimitives.dll
0x00007fff92c50000 - 0x00007fff92c5e000 	C:\Program Files\Android\Android Studio\jbr\bin\instrument.dll
0x00007fff8ad30000 - 0x00007fff8ad50000 	C:\Program Files\Android\Android Studio\jbr\bin\java.dll
0x00007fff8ac60000 - 0x00007fff8ac78000 	C:\Program Files\Android\Android Studio\jbr\bin\zip.dll
0x00007fff97ee0000 - 0x00007fff98776000 	C:\Windows\System32\SHELL32.dll
0x00007fff971a0000 - 0x00007fff972df000 	C:\Windows\System32\wintypes.dll
0x00007fff95080000 - 0x00007fff9599a000 	C:\Windows\SYSTEM32\windows.storage.dll
0x00007fff98b70000 - 0x00007fff98c7a000 	C:\Windows\System32\SHCORE.dll
0x00007fff99750000 - 0x00007fff997b3000 	C:\Windows\System32\shlwapi.dll
0x00007fff970d0000 - 0x00007fff970fb000 	C:\Windows\SYSTEM32\profapi.dll
0x00007fff8aa50000 - 0x00007fff8aa60000 	C:\Program Files\Android\Android Studio\jbr\bin\net.dll
0x00007fff92900000 - 0x00007fff92a2c000 	C:\Windows\SYSTEM32\WINHTTP.dll
0x00007fff96650000 - 0x00007fff966ba000 	C:\Windows\system32\mswsock.dll
0x00007fff8aa30000 - 0x00007fff8aa46000 	C:\Program Files\Android\Android Studio\jbr\bin\nio.dll
0x00007fff8a0a0000 - 0x00007fff8a0b0000 	C:\Program Files\Android\Android Studio\jbr\bin\verify.dll
0x00007fff8ae10000 - 0x00007fff8ae37000 	C:\Users\Alex Rada\.gradle\native\c067742578af261105cb4f569cf0c3c89f3d7b1fecec35dd04571415982c5e48\windows-amd64\native-platform.dll
0x00007fff85790000 - 0x00007fff858d4000 	C:\Users\Alex Rada\.gradle\native\100fb08df4bc3b14c8652ba06237920a3bd2aa13389f12d3474272988ae205f9\windows-amd64\native-platform-file-events.dll
0x00007fff8a750000 - 0x00007fff8a759000 	C:\Program Files\Android\Android Studio\jbr\bin\management.dll
0x00007fff8a740000 - 0x00007fff8a74b000 	C:\Program Files\Android\Android Studio\jbr\bin\management_ext.dll
0x00007fff997c0000 - 0x00007fff997c8000 	C:\Windows\System32\PSAPI.DLL
0x00007fff96920000 - 0x00007fff9693b000 	C:\Windows\SYSTEM32\CRYPTSP.dll
0x00007fff96130000 - 0x00007fff96167000 	C:\Windows\system32\rsaenh.dll
0x00007fff96740000 - 0x00007fff96768000 	C:\Windows\SYSTEM32\USERENV.dll
0x00007fff96910000 - 0x00007fff9691c000 	C:\Windows\SYSTEM32\CRYPTBASE.dll
0x00007fff95c10000 - 0x00007fff95c3d000 	C:\Windows\SYSTEM32\IPHLPAPI.DLL
0x00007fff990b0000 - 0x00007fff990b9000 	C:\Windows\System32\NSI.dll
0x00007fff8a960000 - 0x00007fff8a969000 	C:\Program Files\Android\Android Studio\jbr\bin\extnet.dll
0x00007fff707c0000 - 0x00007fff707c8000 	C:\Windows\system32\wshunix.dll

dbghelp: loaded successfully - version: 4.0.5 - missing functions: none
symbol engine: initialized successfully - sym options: 0x614 - pdb path: .;C:\Program Files\Android\Android Studio\jbr\bin;C:\Windows\SYSTEM32;C:\Windows\WinSxS\amd64_microsoft.windows.common-controls_6595b64144ccf1df_6.0.22621.5124_none_270e8f4f7386d69d;C:\Program Files\Android\Android Studio\jbr\bin\server;C:\Users\Alex Rada\.gradle\native\c067742578af261105cb4f569cf0c3c89f3d7b1fecec35dd04571415982c5e48\windows-amd64;C:\Users\Alex Rada\.gradle\native\100fb08df4bc3b14c8652ba06237920a3bd2aa13389f12d3474272988ae205f9\windows-amd64

VM Arguments:
jvm_args: --add-opens=java.base/java.util=ALL-UNNAMED --add-opens=java.base/java.lang=ALL-UNNAMED --add-opens=java.base/java.lang.invoke=ALL-UNNAMED --add-opens=java.prefs/java.util.prefs=ALL-UNNAMED --add-exports=jdk.compiler/com.sun.tools.javac.api=ALL-UNNAMED --add-exports=jdk.compiler/com.sun.tools.javac.util=ALL-UNNAMED --add-opens=java.base/java.nio.charset=ALL-UNNAMED --add-opens=java.base/java.net=ALL-UNNAMED --add-opens=java.base/java.util.concurrent.atomic=ALL-UNNAMED -Xmx2048m -Dfile.encoding=UTF-8 -Duser.country=PH -Duser.language=en -Duser.variant -javaagent:C:\Users\Alex Rada\.gradle\wrapper\dists\gradle-8.10.2-bin\a04bxjujx95o3nb99gddekhwo\gradle-8.10.2\lib\agents\gradle-instrumentation-agent-8.10.2.jar 
java_command: org.gradle.launcher.daemon.bootstrap.GradleDaemon 8.10.2
java_class_path (initial): C:\Users\Alex Rada\.gradle\wrapper\dists\gradle-8.10.2-bin\a04bxjujx95o3nb99gddekhwo\gradle-8.10.2\lib\gradle-daemon-main-8.10.2.jar
Launcher Type: SUN_STANDARD

[Global flags]
     intx CICompilerCount                          = 12                                        {product} {ergonomic}
     uint ConcGCThreads                            = 3                                         {product} {ergonomic}
     uint G1ConcRefinementThreads                  = 13                                        {product} {ergonomic}
   size_t G1HeapRegionSize                         = 1048576                                   {product} {ergonomic}
    uintx GCDrainStackTargetSize                   = 64                                        {product} {ergonomic}
   size_t InitialHeapSize                          = 123731968                                 {product} {ergonomic}
   size_t MarkStackSize                            = 4194304                                   {product} {ergonomic}
   size_t MaxHeapSize                              = 2147483648                                {product} {command line}
   size_t MaxNewSize                               = 1287651328                                {product} {ergonomic}
   size_t MinHeapDeltaBytes                        = 1048576                                   {product} {ergonomic}
   size_t MinHeapSize                              = 8388608                                   {product} {ergonomic}
    uintx NonNMethodCodeHeapSize                   = 7602480                                {pd product} {ergonomic}
    uintx NonProfiledCodeHeapSize                  = 122027880                              {pd product} {ergonomic}
    uintx ProfiledCodeHeapSize                     = 122027880                              {pd product} {ergonomic}
    uintx ReservedCodeCacheSize                    = 251658240                              {pd product} {ergonomic}
     bool SegmentedCodeCache                       = true                                      {product} {ergonomic}
   size_t SoftMaxHeapSize                          = 2147483648                             {manageable} {ergonomic}
     bool UseCompressedOops                        = true                           {product lp64_product} {ergonomic}
     bool UseG1GC                                  = true                                      {product} {ergonomic}
     bool UseLargePagesIndividualAllocation        = false                                  {pd product} {ergonomic}

Logging:
Log output configuration:
 #0: stdout all=warning uptime,level,tags foldmultilines=false
 #1: stderr all=off uptime,level,tags foldmultilines=false

Environment Variables:
PATH=C:\Windows\System32\HWAudioDriverLibs;C:\Windows\system32;C:\Windows;C:\Windows\System32\Wbem;C:\Windows\System32\WindowsPowerShell\v1.0\;C:\Windows\System32\OpenSSH\;C:\Users\Administrator\AppData\Local\Microsoft\WindowsApps;C:\Windows\system32\config\systemprofile\AppData\Local\Microsoft\WindowsApps;C:\windows\system32\HWAudioDriver\;C:\Users\Alex Rada\AppData\Local\Microsoft\WindowsApps
USERNAME=Alex Rada
OS=Windows_NT
PROCESSOR_IDENTIFIER=AMD64 Family 23 Model 104 Stepping 1, AuthenticAMD
TMP=C:\Users\ALEXRA~1\AppData\Local\Temp
TEMP=C:\Users\ALEXRA~1\AppData\Local\Temp




Periodic native trim disabled

JNI global refs:
JNI global refs: 33, weak refs: 3

JNI global refs memory usage: 835, weak refs: 833

Process memory usage:
Resident Set Size: 230532K (2% of 7694908K total physical memory with 376312K free physical memory)

OOME stack traces (most recent first):
Classloader memory used:
Loader bootstrap                                                                       : 17591K
Loader org.gradle.internal.classloader.VisitableURLClassLoader                         : 14891K
Loader org.gradle.initialization.MixInLegacyTypesClassLoader                           : 2068K
Loader org.gradle.internal.classloader.VisitableURLClassLoader                         : 377K
Loader jdk.internal.loader.ClassLoaders$AppClassLoader                                 : 234K
Loader jdk.internal.reflect.DelegatingClassLoader                                      : 139K
Loader jdk.internal.loader.ClassLoaders$PlatformClassLoader                            : 116K

Classes loaded by more than one classloader:
Class org.gradle.internal.classloader.FilteringClassLoader                            : loaded 2 times (x 101B)
Class org.gradle.internal.classloader.ClassLoaderHierarchy                            : loaded 2 times (x 66B)
Class org.gradle.api.internal.classpath.ManifestUtil                                  : loaded 2 times (x 67B)
Class org.gradle.internal.classloader.DefaultClassLoaderFactory                       : loaded 2 times (x 78B)
Class org.gradle.internal.classloader.ClassLoaderVisitor                              : loaded 2 times (x 72B)
Class org.gradle.api.internal.classpath.EffectiveClassPath                            : loaded 2 times (x 86B)
Class org.gradle.api.internal.DefaultClassPathProvider                                : loaded 2 times (x 72B)
Class [Lorg.gradle.api.internal.ClassPathProvider;                                    : loaded 2 times (x 65B)
Class org.gradle.api.internal.ClassPathProvider                                       : loaded 2 times (x 66B)
Class org.gradle.internal.service.UnknownServiceException                             : loaded 2 times (x 79B)
Class org.gradle.internal.classpath.TransformedClassPath                              : loaded 2 times (x 92B)
Class org.gradle.internal.classloader.InstrumentingClassLoader                        : loaded 2 times (x 66B)
Class org.gradle.internal.service.ServiceLocator                                      : loaded 2 times (x 66B)
Class org.gradle.internal.InternalTransformer                                         : loaded 2 times (x 66B)
Class org.gradle.internal.classloader.ClasspathUtil$1                                 : loaded 2 times (x 72B)
Class org.gradle.api.internal.classpath.DefaultModuleRegistry$DefaultModule           : loaded 2 times (x 82B)
Class kotlin.Function                                                                 : loaded 2 times (x 66B)
Class org.gradle.api.internal.classpath.Module                                        : loaded 2 times (x 66B)
Class org.gradle.api.internal.classpath.UnknownModuleException                        : loaded 2 times (x 78B)
Class org.gradle.api.internal.DefaultClassPathRegistry                                : loaded 2 times (x 72B)
Class org.gradle.api.internal.ClassPathRegistry                                       : loaded 2 times (x 66B)
Class org.gradle.internal.classpath.DefaultClassPath$ImmutableUniqueList              : loaded 2 times (x 195B)
Class org.gradle.internal.classpath.ClassPath                                         : loaded 2 times (x 66B)
Class org.gradle.api.UncheckedIOException                                             : loaded 2 times (x 78B)
Class kotlin.UninitializedPropertyAccessException                                     : loaded 2 times (x 78B)
Class org.gradle.internal.installation.GradleInstallation$1                           : loaded 2 times (x 71B)
Class org.gradle.api.internal.classpath.ModuleRegistry                                : loaded 2 times (x 66B)
Class org.gradle.api.internal.classpath.DefaultModuleRegistry                         : loaded 2 times (x 82B)
Class org.gradle.internal.service.ServiceLookupException                              : loaded 2 times (x 78B)
Class org.gradle.internal.classloader.ClassLoaderFactory                              : loaded 2 times (x 66B)
Class org.gradle.internal.service.CachingServiceLocator                               : loaded 2 times (x 78B)
Class org.gradle.internal.classloader.ClasspathUtil                                   : loaded 2 times (x 67B)
Class org.gradle.api.specs.Spec                                                       : loaded 2 times (x 66B)
Class org.gradle.internal.classloader.VisitableURLClassLoader$InstrumentingVisitableURLClassLoader: loaded 2 times (x 119B)
Class org.gradle.internal.classloader.VisitableURLClassLoader$Spec                    : loaded 2 times (x 70B)
Class org.gradle.internal.classpath.DefaultClassPath                                  : loaded 2 times (x 86B)
Class org.gradle.internal.classloader.ClassLoaderSpec                                 : loaded 2 times (x 67B)
Class org.gradle.internal.classloader.VisitableURLClassLoader                         : loaded 2 times (x 113B)
Class org.gradle.internal.Cast                                                        : loaded 2 times (x 67B)
Class org.gradle.api.Action                                                           : loaded 2 times (x 66B)
Class org.gradle.internal.classpath.DefaultClassPath$ImmutableUniqueList$Builder      : loaded 2 times (x 71B)
Class org.gradle.api.GradleException                                                  : loaded 2 times (x 78B)
Class org.gradle.internal.IoActions                                                   : loaded 2 times (x 67B)
Class org.gradle.internal.classloader.SystemClassLoaderSpec                           : loaded 2 times (x 67B)
Class kotlin.jvm.internal.Intrinsics                                                  : loaded 2 times (x 67B)
Class kotlin.KotlinNullPointerException                                               : loaded 2 times (x 79B)
Class org.gradle.api.internal.classpath.GlobalCacheRootsProvider                      : loaded 2 times (x 66B)
Class org.gradle.internal.installation.CurrentGradleInstallationLocator               : loaded 2 times (x 67B)
Class org.gradle.internal.service.DefaultServiceLocator                               : loaded 2 times (x 79B)
Class org.gradle.util.GradleVersion                                                   : loaded 2 times (x 79B)
Class org.gradle.internal.installation.CurrentGradleInstallation                      : loaded 2 times (x 69B)
Class org.gradle.util.internal.GUtil                                                  : loaded 2 times (x 67B)
Class org.gradle.internal.installation.GradleInstallation                             : loaded 2 times (x 71B)

---------------  S Y S T E M  ---------------

OS:
 Windows 11 , 64 bit Build 22621 (10.0.22621.5124)
OS uptime: 2 days 1:54 hours
Hyper-V role detected

CPU: total 16 (initial active 16) (16 cores per cpu, 2 threads per core) family 23 model 104 stepping 1 microcode 0x0, cx8, cmov, fxsr, ht, mmx, 3dnowpref, sse, sse2, sse3, ssse3, sse4a, sse4.1, sse4.2, popcnt, lzcnt, tsc, tscinvbit, avx, avx2, aes, clmul, bmi1, bmi2, adx, sha, fma, vzeroupper, clflush, clflushopt, hv, rdtscp, rdpid, f16c
Processor Information for all 16 processors :
  Max Mhz: 1801, Current Mhz: 1801, Mhz Limit: 1801

Memory: 4k page, system-wide physical 7514M (367M free)
TotalPageFile size 22874M (AvailPageFile size 10M)
current process WorkingSet (physical memory assigned to process): 227M, peak: 227M
current process commit charge ("private bytes"): 276M, peak: 281M

vm_info: OpenJDK 64-Bit Server VM (21.0.5+-13047016-b750.29) for windows-amd64 JRE (21.0.5+-13047016-b750.29), built on 2025-02-11T21:12:39Z by "builder" with MS VC++ 16.10 / 16.11 (VS2019)

END.
